# JRE version: OpenJDK Runtime Environment (8.0_152-b06) (build 1.8.0_152-release-1136-b06)
# Java VM: OpenJDK 64-Bit Server VM (25.152-b06 mixed mode windows-amd64 compressed oops)
Heap:
 PSYoungGen      total 394752K, used 16852K [0x00000000e0000000, 0x00000000fdb80000, 0x0000000100000000)
  eden space 369664K, 3% used [0x00000000e0000000,0x00000000e0dbd140,0x00000000f6900000)
  from space 25088K, 11% used [0x00000000f8380000,0x00000000f8638020,0x00000000f9c00000)
  to   space 27136K, 0% used [0x00000000f6900000,0x00000000f6900000,0x00000000f8380000)
 ParOldGen       total 215040K, used 97691K [0x00000000a0000000, 0x00000000ad200000, 0x00000000e0000000)
  object space 215040K, 45% used [0x00000000a0000000,0x00000000a5f66ea8,0x00000000ad200000)
 Metaspace       used 98386K, capacity 102356K, committed 102440K, reserved 1138688K
  class space    used 12395K, capacity 13300K, committed 13352K, reserved 1048576K
GC Heap History (10 events):
Event: 1058.491 GC heap before
{Heap before GC invocations=28 (full 3):
 PSYoungGen      total 349184K, used 124830K [0x00000000e0000000, 0x00000000f7480000, 0x0000000100000000)
  eden space 331264K, 35% used [0x00000000e0000000,0x00000000e7247ba0,0x00000000f4380000)
  from space 17920K, 43% used [0x00000000f6300000,0x00000000f6a9fe28,0x00000000f7480000)
  to   space 25088K, 0% used [0x00000000f4380000,0x00000000f4380000,0x00000000f5c00000)
 ParOldGen       total 131072K, used 82885K [0x00000000a0000000, 0x00000000a8000000, 0x00000000e0000000)
  object space 131072K, 63% used [0x00000000a0000000,0x00000000a50f1588,0x00000000a8000000)
 Metaspace       used 94541K, capacity 98506K, committed 98600K, reserved 1134592K
  class space    used 12090K, capacity 13059K, committed 13096K, reserved 1048576K
Event: 1058.525 GC heap after
Heap after GC invocations=28 (full 3):
 PSYoungGen      total 356352K, used 15663K [0x00000000e0000000, 0x00000000f9c00000, 0x0000000100000000)
  eden space 331264K, 0% used [0x00000000e0000000,0x00000000e0000000,0x00000000f4380000)
  from space 25088K, 62% used [0x00000000f4380000,0x00000000f52cbed8,0x00000000f5c00000)
  to   space 25088K, 0% used [0x00000000f8380000,0x00000000f8380000,0x00000000f9c00000)
 ParOldGen       total 131072K, used 82893K [0x00000000a0000000, 0x00000000a8000000, 0x00000000e0000000)
  object space 131072K, 63% used [0x00000000a0000000,0x00000000a50f3588,0x00000000a8000000)
 Metaspace       used 94541K, capacity 98506K, committed 98600K, reserved 1134592K
  class space    used 12090K, capacity 13059K, committed 13096K, reserved 1048576K
}
Event: 1058.525 GC heap before
{Heap before GC invocations=29 (full 4):
 PSYoungGen      total 356352K, used 15663K [0x00000000e0000000, 0x00000000f9c00000, 0x0000000100000000)
  eden space 331264K, 0% used [0x00000000e0000000,0x00000000e0000000,0x00000000f4380000)
  from space 25088K, 62% used [0x00000000f4380000,0x00000000f52cbed8,0x00000000f5c00000)
  to   space 25088K, 0% used [0x00000000f8380000,0x00000000f8380000,0x00000000f9c00000)
 ParOldGen       total 131072K, used 82893K [0x00000000a0000000, 0x00000000a8000000, 0x00000000e0000000)
  object space 131072K, 63% used [0x00000000a0000000,0x00000000a50f3588,0x00000000a8000000)
 Metaspace       used 94541K, capacity 98506K, committed 98600K, reserved 1134592K
  class space    used 12090K, capacity 13059K, committed 13096K, reserved 1048576K
Event: 1059.291 GC heap after
Heap after GC invocations=29 (full 4):
 PSYoungGen      total 356352K, used 0K [0x00000000e0000000, 0x00000000f9c00000, 0x0000000100000000)
  eden space 331264K, 0% used [0x00000000e0000000,0x00000000e0000000,0x00000000f4380000)
  from space 25088K, 0% used [0x00000000f4380000,0x00000000f4380000,0x00000000f5c00000)
  to   space 25088K, 0% used [0x00000000f8380000,0x00000000f8380000,0x00000000f9c00000)
 ParOldGen       total 215040K, used 83282K [0x00000000a0000000, 0x00000000ad200000, 0x00000000e0000000)
  object space 215040K, 38% used [0x00000000a0000000,0x00000000a5154810,0x00000000ad200000)
 Metaspace       used 94317K, capacity 97872K, committed 98600K, reserved 1134592K
  class space    used 12014K, capacity 12902K, committed 13096K, reserved 1048576K
}
Event: 1061.410 GC heap before
{Heap before GC invocations=30 (full 4):
 PSYoungGen      total 356352K, used 331264K [0x00000000e0000000, 0x00000000f9c00000, 0x0000000100000000)
  eden space 331264K, 100% used [0x00000000e0000000,0x00000000f4380000,0x00000000f4380000)
  from space 25088K, 0% used [0x00000000f4380000,0x00000000f4380000,0x00000000f5c00000)
  to   space 25088K, 0% used [0x00000000f8380000,0x00000000f8380000,0x00000000f9c00000)
 ParOldGen       total 215040K, used 83282K [0x00000000a0000000, 0x00000000ad200000, 0x00000000e0000000)
  object space 215040K, 38% used [0x00000000a0000000,0x00000000a5154810,0x00000000ad200000)
 Metaspace       used 98005K, capacity 101904K, committed 102184K, reserved 1138688K
  class space    used 12388K, capacity 13296K, committed 13352K, reserved 1048576K
Event: 1061.494 GC heap after
Heap after GC invocations=30 (full 4):
 PSYoungGen      total 397312K, used 13414K [0x00000000e0000000, 0x00000000fa800000, 0x0000000100000000)
  eden space 372224K, 0% used [0x00000000e0000000,0x00000000e0000000,0x00000000f6b80000)
  from space 25088K, 53% used [0x00000000f8380000,0x00000000f90998d8,0x00000000f9c00000)
  to   space 24576K, 0% used [0x00000000f6b80000,0x00000000f6b80000,0x00000000f8380000)
 ParOldGen       total 215040K, used 83290K [0x00000000a0000000, 0x00000000ad200000, 0x00000000e0000000)
  object space 215040K, 38% used [0x00000000a0000000,0x00000000a5156810,0x00000000ad200000)
 Metaspace       used 98005K, capacity 101904K, committed 102184K, reserved 1138688K
  class space    used 12388K, capacity 13296K, committed 13352K, reserved 1048576K
}
Event: 1063.677 GC heap before
{Heap before GC invocations=31 (full 4):
 PSYoungGen      total 397312K, used 385638K [0x00000000e0000000, 0x00000000fa800000, 0x0000000100000000)
  eden space 372224K, 100% used [0x00000000e0000000,0x00000000f6b80000,0x00000000f6b80000)
  from space 25088K, 53% used [0x00000000f8380000,0x00000000f90998d8,0x00000000f9c00000)
  to   space 24576K, 0% used [0x00000000f6b80000,0x00000000f6b80000,0x00000000f8380000)
 ParOldGen       total 215040K, used 83290K [0x00000000a0000000, 0x00000000ad200000, 0x00000000e0000000)
  object space 215040K, 38% used [0x00000000a0000000,0x00000000a5156810,0x00000000ad200000)
 Metaspace       used 98289K, capacity 102212K, committed 102440K, reserved 1138688K
  class space    used 12395K, capacity 13300K, committed 13352K, reserved 1048576K
Event: 1063.714 GC heap after
Heap after GC invocations=31 (full 4):
 PSYoungGen      total 396800K, used 21312K [0x00000000e0000000, 0x00000000fa800000, 0x0000000100000000)
  eden space 372224K, 0% used [0x00000000e0000000,0x00000000e0000000,0x00000000f6b80000)
  from space 24576K, 86% used [0x00000000f6b80000,0x00000000f8050210,0x00000000f8380000)
  to   space 25088K, 0% used [0x00000000f8380000,0x00000000f8380000,0x00000000f9c00000)
 ParOldGen       total 215040K, used 83298K [0x00000000a0000000, 0x00000000ad200000, 0x00000000e0000000)
  object space 215040K, 38% used [0x00000000a0000000,0x00000000a5158810,0x00000000ad200000)
 Metaspace       used 98289K, capacity 102212K, committed 102440K, reserved 1138688K
  class space    used 12395K, capacity 13300K, committed 13352K, reserved 1048576K
}
Event: 1064.921 GC heap before
{Heap before GC invocations=32 (full 4):
 PSYoungGen      total 396800K, used 393536K [0x00000000e0000000, 0x00000000fa800000, 0x0000000100000000)
  eden space 372224K, 100% used [0x00000000e0000000,0x00000000f6b80000,0x00000000f6b80000)
  from space 24576K, 86% used [0x00000000f6b80000,0x00000000f8050210,0x00000000f8380000)
  to   space 25088K, 0% used [0x00000000f8380000,0x00000000f8380000,0x00000000f9c00000)
 ParOldGen       total 215040K, used 83298K [0x00000000a0000000, 0x00000000ad200000, 0x00000000e0000000)
  object space 215040K, 38% used [0x00000000a0000000,0x00000000a5158810,0x00000000ad200000)
 Metaspace       used 98385K, capacity 102356K, committed 102440K, reserved 1138688K
  class space    used 12395K, capacity 13300K, committed 13352K, reserved 1048576K
Event: 1064.938 GC heap after
Heap after GC invocations=32 (full 4):
 PSYoungGen      total 394752K, used 2784K [0x00000000e0000000, 0x00000000fdb80000, 0x0000000100000000)
  eden space 369664K, 0% used [0x00000000e0000000,0x00000000e0000000,0x00000000f6900000)
  from space 25088K, 11% used [0x00000000f8380000,0x00000000f8638020,0x00000000f9c00000)
  to   space 27136K, 0% used [0x00000000f6900000,0x00000000f6900000,0x00000000f8380000)
 ParOldGen       total 215040K, used 97691K [0x00000000a0000000, 0x00000000ad200000, 0x00000000e0000000)
  object space 215040K, 45% used [0x00000000a0000000,0x00000000a5f66ea8,0x00000000ad200000)
 Metaspace       used 98385K, capacity 102356K, committed 102440K, reserved 1138688K
  class space    used 12395K, capacity 13300K, committed 13352K, reserved 1048576K
}

